SF:lib\src\odwb_api_client.dart
DA:18,0
DA:19,0
DA:25,0
DA:35,0
DA:36,0
DA:37,0
DA:38,0
DA:39,0
DA:40,0
DA:41,0
DA:42,0
DA:43,0
DA:46,0
DA:51,0
DA:53,0
DA:54,0
DA:57,0
DA:58,0
DA:59,0
DA:61,0
DA:62,0
DA:66,0
DA:67,0
LF:23
LH:0
end_of_record
SF:lib\src\models\geofilter_distance.dart
DA:4,1
DA:12,1
DA:13,3
LF:3
LH:3
end_of_record
SF:lib\src\models\lat_lng.dart
DA:4,4
DA:9,3
DA:10,9
DA:12,0
DA:13,0
LF:5
LH:3
end_of_record
SF:lib\src\models\geofilter_polygon.dart
DA:4,1
DA:14,1
DA:15,4
LF:3
LH:3
end_of_record
SF:lib\src\models\point.dart
DA:8,4
DA:18,4
DA:28,1
DA:52,2
DA:53,1
DA:54,1
DA:55,1
DA:56,1
DA:57,1
DA:58,1
DA:59,1
DA:60,1
DA:64,1
DA:65,1
DA:66,1
DA:67,1
DA:68,1
DA:69,1
DA:126,1
DA:133,1
DA:134,1
DA:148,1
DA:157,1
DA:158,1
DA:175,8
DA:177,0
DA:179,0
DA:182,1
DA:184,3
DA:188,4
DA:197,1
DA:203,2
DA:216,8
DA:218,0
DA:220,0
DA:223,1
DA:225,1
DA:226,4
DA:231,8
DA:233,0
DA:238,1
DA:241,1
DA:243,1
LF:43
LH:38
end_of_record
SF:lib\src\models\point.g.dart
DA:11,2
DA:14,1
DA:15,1
DA:16,2
DA:17,2
DA:18,2
DA:19,1
DA:21,2
DA:23,1
DA:25,2
DA:27,3
DA:28,1
DA:30,2
DA:33,1
DA:35,2
DA:38,1
DA:39,2
DA:40,1
DA:41,2
DA:42,1
DA:43,2
DA:44,1
DA:45,2
DA:46,1
DA:47,2
DA:48,1
DA:49,2
DA:50,1
DA:51,2
DA:52,1
DA:53,2
DA:54,1
DA:55,2
DA:56,1
DA:57,2
DA:58,1
DA:59,2
DA:60,1
DA:61,2
DA:62,2
DA:98,2
DA:101,1
DA:102,1
DA:103,2
DA:104,2
DA:105,2
DA:106,2
DA:118,2
DA:121,1
DA:122,1
DA:123,2
DA:124,2
DA:125,2
DA:126,2
DA:127,1
DA:128,2
DA:130,2
DA:143,2
DA:146,1
DA:147,1
DA:148,2
DA:149,2
DA:150,1
DA:152,2
DA:154,2
LF:65
LH:65
end_of_record
